<html>
<body>
<pre>
<h1>Vision2 Build Log</h1>
<h2>Project:</h2>
E:\邹金红20100107\老师的书\黄浩   实例\AT24C02\AT24C02.uv2
Project File Date:  07/18/2009

<h2>Output:</h2>
Build target 'Target 1'
compiling 16 AT24C02.c...
linking...
Program Size: data=12.0 xdata=0 code=285
creating hex file from "AT24C02"...
"AT24C02" - 0 Error(s), 0 Warning(s).
Build target 'Target 1'
compiling 16 AT24C02.c...
linking...
Program Size: data=12.0 xdata=0 code=285
creating hex file from "AT24C02"...
"AT24C02" - 0 Error(s), 0 Warning(s).
Build target 'Target 1'
compiling 16 AT24C02.c...
linking...
Program Size: data=12.0 xdata=0 code=285
creating hex file from "AT24C02"...
"AT24C02" - 0 Error(s), 0 Warning(s).
Build target 'Target 1'
compiling 16 AT24C02.c...
linking...
Program Size: data=12.0 xdata=0 code=285
creating hex file from "AT24C02"...
"AT24C02" - 0 Error(s), 0 Warning(s).
Build target 'Target 1'
compiling 16 AT24C02.c...
linking...
Program Size: data=12.0 xdata=0 code=285
creating hex file from "AT24C02"...
"AT24C02" - 0 Error(s), 0 Warning(s).
Build target 'Target 1'
compiling 16 AT24C02.c...
linking...
Program Size: data=12.0 xdata=0 code=285
creating hex file from "AT24C02"...
"AT24C02" - 0 Error(s), 0 Warning(s).
Build target 'Target 1'
compiling 16 AT24C02.c...
16 AT24C02.C(23): error C267: 'delay': requires ANSI-style prototype
Target not created
Build target 'Target 1'
compiling 16 AT24C02.c...
16 AT24C02.C(68): warning C206: 'dela': missing function-prototype
16 AT24C02.C(77): warning C173: missing return-expression
16 AT24C02.C(78): error C141: syntax error near 'return'
16 AT24C02.C(79): error C141: syntax error near '}'
16 AT24C02.C(119): error C202: 'temp': undefined identifier
16 AT24C02.C(123): error C202: 'temp': undefined identifier
16 AT24C02.C(127): error C202: 'temp': undefined identifier
16 AT24C02.C(131): error C202: 'temp': undefined identifier
Target not created
Build target 'Target 1'
compiling 16 AT24C02.c...
16 AT24C02.C(68): warning C206: 'dela': missing function-prototype
16 AT24C02.C(77): warning C173: missing return-expression
16 AT24C02.C(78): error C141: syntax error near 'return'
16 AT24C02.C(79): error C141: syntax error near '}'
16 AT24C02.C(121): error C202: 'temp': undefined identifier
16 AT24C02.C(125): error C202: 'temp': undefined identifier
16 AT24C02.C(129): error C202: 'temp': undefined identifier
Target not created
Build target 'Target 1'
compiling 16 AT24C02.c...
16 AT24C02.C(68): warning C206: 'dela': missing function-prototype
16 AT24C02.C(77): warning C173: missing return-expression
16 AT24C02.C(78): error C141: syntax error near 'return'
16 AT24C02.C(79): error C141: syntax error near '}'
Target not created
Build target 'Target 1'
compiling 16 AT24C02.c...
16 AT24C02.C(77): warning C173: missing return-expression
16 AT24C02.C(78): error C141: syntax error near 'return'
16 AT24C02.C(79): error C141: syntax error near '}'
Target not created
Build target 'Target 1'
compiling 16 AT24C02.c...
16 AT24C02.C(123): error C267: 'delay': requires ANSI-style prototype
Target not created
Build target 'Target 1'
compiling 16 AT24C02.c...
linking...
*** WARNING L16: UNCALLED SEGMENT, IGNORED FOR OVERLAY PROCESS
    SEGMENT: ?PR?_WRITE_ADD?16_AT24C02
*** WARNING L16: UNCALLED SEGMENT, IGNORED FOR OVERLAY PROCESS
    SEGMENT: ?PR?INIT?16_AT24C02
Program Size: data=12.0 xdata=0 code=314
creating hex file from "AT24C02"...
"AT24C02" - 0 Error(s), 2 Warning(s).
Build target 'Target 1'
compiling 16 AT24C02.c...
linking...
*** WARNING L16: UNCALLED SEGMENT, IGNORED FOR OVERLAY PROCESS
    SEGMENT: ?PR?_WRITE_ADD?16_AT24C02
*** WARNING L16: UNCALLED SEGMENT, IGNORED FOR OVERLAY PROCESS
    SEGMENT: ?PR?INIT?16_AT24C02
Program Size: data=12.0 xdata=0 code=314
creating hex file from "AT24C02"...
"AT24C02" - 0 Error(s), 2 Warning(s).
Build target 'Target 1'
compiling 16 AT24C02.c...
linking...
*** WARNING L16: UNCALLED SEGMENT, IGNORED FOR OVERLAY PROCESS
    SEGMENT: ?PR?_WRITE_ADD?16_AT24C02
*** WARNING L16: UNCALLED SEGMENT, IGNORED FOR OVERLAY PROCESS
    SEGMENT: ?PR?INIT?16_AT24C02
Program Size: data=12.0 xdata=0 code=314
creating hex file from "AT24C02"...
"AT24C02" - 0 Error(s), 2 Warning(s).
Build target 'Target 1'
compiling 16 AT24C02.c...
linking...
*** WARNING L16: UNCALLED SEGMENT, IGNORED FOR OVERLAY PROCESS
    SEGMENT: ?PR?_WRITE_ADD?16_AT24C02
*** WARNING L16: UNCALLED SEGMENT, IGNORED FOR OVERLAY PROCESS
    SEGMENT: ?PR?INIT?16_AT24C02
Program Size: data=12.0 xdata=0 code=314
creating hex file from "AT24C02"...
"AT24C02" - 0 Error(s), 2 Warning(s).
compiling 16 AT24C02.c...
16 AT24C02.c - 0 Error(s), 0 Warning(s).
Build target 'Target 1'
compiling 16 AT24C02.c...
linking...
*** WARNING L16: UNCALLED SEGMENT, IGNORED FOR OVERLAY PROCESS
    SEGMENT: ?PR?_WRITE_ADD?16_AT24C02
*** WARNING L16: UNCALLED SEGMENT, IGNORED FOR OVERLAY PROCESS
    SEGMENT: ?PR?INIT?16_AT24C02
Program Size: data=12.0 xdata=0 code=324
creating hex file from "AT24C02"...
"AT24C02" - 0 Error(s), 2 Warning(s).
Build target 'Target 1'
compiling 16 AT24C02.c...
linking...
*** WARNING L16: UNCALLED SEGMENT, IGNORED FOR OVERLAY PROCESS
    SEGMENT: ?PR?_WRITE_ADD?16_AT24C02
*** WARNING L16: UNCALLED SEGMENT, IGNORED FOR OVERLAY PROCESS
    SEGMENT: ?PR?INIT?16_AT24C02
Program Size: data=12.0 xdata=0 code=324
creating hex file from "AT24C02"...
"AT24C02" - 0 Error(s), 2 Warning(s).
Build target 'Target 1'
compiling 16 AT24C02.c...
linking...
*** WARNING L16: UNCALLED SEGMENT, IGNORED FOR OVERLAY PROCESS
    SEGMENT: ?PR?_WRITE_ADD?16_AT24C02
*** WARNING L16: UNCALLED SEGMENT, IGNORED FOR OVERLAY PROCESS
    SEGMENT: ?PR?INIT?16_AT24C02
Program Size: data=12.0 xdata=0 code=324
creating hex file from "AT24C02"...
"AT24C02" - 0 Error(s), 2 Warning(s).
Build target 'Target 1'
compiling 16 AT24C02.c...
linking...
*** WARNING L16: UNCALLED SEGMENT, IGNORED FOR OVERLAY PROCESS
    SEGMENT: ?PR?_WRITE_ADD?16_AT24C02
*** WARNING L16: UNCALLED SEGMENT, IGNORED FOR OVERLAY PROCESS
    SEGMENT: ?PR?INIT?16_AT24C02
Program Size: data=12.0 xdata=0 code=324
creating hex file from "AT24C02"...
"AT24C02" - 0 Error(s), 2 Warning(s).
Build target 'Target 1'
compiling 16 AT24C02.c...
linking...
*** WARNING L16: UNCALLED SEGMENT, IGNORED FOR OVERLAY PROCESS
    SEGMENT: ?PR?_WRITE_ADD?16_AT24C02
Program Size: data=12.0 xdata=0 code=327
creating hex file from "AT24C02"...
"AT24C02" - 0 Error(s), 1 Warning(s).
Build target 'Target 1'
compiling 16 AT24C02.c...
linking...
*** WARNING L16: UNCALLED SEGMENT, IGNORED FOR OVERLAY PROCESS
    SEGMENT: ?PR?_WRITE_ADD?16_AT24C02
Program Size: data=12.0 xdata=0 code=327
creating hex file from "AT24C02"...
"AT24C02" - 0 Error(s), 1 Warning(s).
Build target 'Target 1'
compiling 16 AT24C02.c...
linking...
*** WARNING L16: UNCALLED SEGMENT, IGNORED FOR OVERLAY PROCESS
    SEGMENT: ?PR?_WRITE_ADD?16_AT24C02
Program Size: data=12.0 xdata=0 code=327
creating hex file from "AT24C02"...
"AT24C02" - 0 Error(s), 1 Warning(s).
Build target 'Target 1'
compiling 16 AT24C02.c...
16 AT24C02.C(143): error C202: 'write': undefined identifier
16 AT24C02.C(145): error C202: 'write': undefined identifier
Target not created
Build target 'Target 1'
compiling 16 AT24C02.c...
16 AT24C02.C(147): warning C206: 'weite_add': missing function-prototype
16 AT24C02.C(147): error C267: 'weite_add': requires ANSI-style prototype
16 AT24C02.C(159): error C141: syntax error near 'sec'
Target not created
Build target 'Target 1'
compiling 16 AT24C02.c...
16 AT24C02.C(159): error C141: syntax error near 'sec'
Target not created
Build target 'Target 1'
compiling 16 AT24C02.c...
16 AT24C02.C(160): error C141: syntax error near 'sec'
Target not created
Build target 'Target 1'
compiling 16 AT24C02.c...
16 AT24C02.C(160): error C141: syntax error near 'sec'
Target not created
Build target 'Target 1'
compiling 16 AT24C02.c...
16 AT24C02.C(160): error C141: syntax error near 'sec'
Target not created
Build target 'Target 1'
compiling 16 AT24C02.c...
16 AT24C02.C(160): error C141: syntax error near 'sec'
Target not created
Build target 'Target 1'
compiling 16 AT24C02.c...
16 AT24C02.C(160): error C141: syntax error near 'sec'
Target not created
Build target 'Target 1'
compiling 16 AT24C02.c...
16 AT24C02.C(160): error C141: syntax error near 'sec'
Target not created
Build target 'Target 1'
compiling 16 AT24C02.c...
linking...
Program Size: data=12.1 xdata=0 code=535
creating hex file from "AT24C02"...
"AT24C02" - 0 Error(s), 0 Warning(s).
Build target 'Target 1'
compiling 16 AT24C02.c...
linking...
Program Size: data=12.1 xdata=0 code=535
creating hex file from "AT24C02"...
"AT24C02" - 0 Error(s), 0 Warning(s).
Build target 'Target 1'
compiling 16 AT24C02.c...
linking...
Program Size: data=12.1 xdata=0 code=535
creating hex file from "AT24C02"...
"AT24C02" - 0 Error(s), 0 Warning(s).
Build target 'Target 1'
compiling 16 AT24C02.c...
16 AT24C02.C(144): error C202: 'write': undefined identifier
Target not created
Build target 'Target 1'
compiling 16 AT24C02.c...
16 AT24C02.C(144): error C202: 'write': undefined identifier
Target not created
Build target 'Target 1'
compiling 16 AT24C02.c...
16 AT24C02.C(144): error C202: 'write': undefined identifier
Target not created
Build target 'Target 1'
compiling 16 AT24C02.c...
linking...
Program Size: data=12.1 xdata=0 code=535
creating hex file from "AT24C02"...
"AT24C02" - 0 Error(s), 0 Warning(s).
Build target 'Target 1'
compiling 16 AT24C02.c...
linking...
Program Size: data=12.1 xdata=0 code=535
creating hex file from "AT24C02"...
"AT24C02" - 0 Error(s), 0 Warning(s).
Build target 'Target 1'
compiling 16 AT24C02.c...
linking...
*** WARNING L16: UNCALLED SEGMENT, IGNORED FOR OVERLAY PROCESS
    SEGMENT: ?PR?_READ_ADD?16_AT24C02
Program Size: data=12.1 xdata=0 code=521
creating hex file from "AT24C02"...
"AT24C02" - 0 Error(s), 1 Warning(s).
Build target 'Target 1'
compiling 16 AT24C02.c...
linking...
*** WARNING L16: UNCALLED SEGMENT, IGNORED FOR OVERLAY PROCESS
    SEGMENT: ?PR?_READ_ADD?16_AT24C02
Program Size: data=12.1 xdata=0 code=521
creating hex file from "AT24C02"...
"AT24C02" - 0 Error(s), 1 Warning(s).
compiling 16 AT24C02.c...
16 AT24C02.c - 0 Error(s), 0 Warning(s).
Build target 'Target 1'
compiling 16 AT24C02.c...
linking...
*** WARNING L16: UNCALLED SEGMENT, IGNORED FOR OVERLAY PROCESS
    SEGMENT: ?PR?_READ_ADD?16_AT24C02
Program Size: data=12.1 xdata=0 code=521
creating hex file from "AT24C02"...
"AT24C02" - 0 Error(s), 1 Warning(s).
Build target 'Target 1'
compiling 16 AT24C02.c...
linking...
*** WARNING L16: UNCALLED SEGMENT, IGNORED FOR OVERLAY PROCESS
    SEGMENT: ?PR?_READ_ADD?16_AT24C02
Program Size: data=12.1 xdata=0 code=521
creating hex file from "AT24C02"...
"AT24C02" - 0 Error(s), 1 Warning(s).
Build target 'Target 1'
compiling 16 AT24C02.c...
linking...
*** WARNING L16: UNCALLED SEGMENT, IGNORED FOR OVERLAY PROCESS
    SEGMENT: ?PR?_READ_ADD?16_AT24C02
Program Size: data=12.1 xdata=0 code=521
creating hex file from "AT24C02"...
"AT24C02" - 0 Error(s), 1 Warning(s).
